2021-03-29 00:24:04.817 782:CrossE.main            INFO   Namespace(batch=4000, combination_method='simple', data_dir='datasets/FB15k-237-swapped/', dim=100, drop_out=0.5, eval_batch=500, eval_per=20, load_model='./save/FB15k-237-swapped/CrossE_DEFAULT_499.ckpt', log_level='info', loss_weight=1e-05, lr=0.01, max_iter=500, method_name='CrossE.py', n_generator=10, n_worker=3, neg_weight=50, optimizer='adam', output_rank=False, prefix='DEFAULT', save_dir='./save/FB15k-237-swapped/', save_per=20, summary_dir='./CrossE_summary/')
2021-03-29 00:24:04.817 783:CrossE.main            INFO   DATASET: datasets/FB15k-237-swapped/
2021-03-29 00:24:04.818 784:CrossE.main            INFO   DIMENSION: 100
2021-03-29 00:24:04.818 785:CrossE.main            INFO   BATCH_SIZE: 4000
2021-03-29 00:24:04.818 786:CrossE.main            INFO   LEARNING_RATE: 0.01
2021-03-29 00:24:04.818 787:CrossE.main            INFO   NEG_WEIGHT: 50
2021-03-29 00:24:04.819 788:CrossE.main            INFO   OPTIMIZER: adam
2021-03-29 00:24:04.819 789:CrossE.main            INFO   MAX_ITER: 500
2021-03-29 00:24:04.819 790:CrossE.main            INFO   EVALUATE_PER: 20
2021-03-29 00:24:05.173 214:CrossE.__init__        INFO   N_ENTITY: 14541
2021-03-29 00:24:05.192 224:CrossE.__init__        INFO   N_RELATION: 237
2021-03-29 00:24:07.799 272:CrossE.__init__        INFO   N_TRAIN_TRIPLES: 272115
2021-03-29 00:24:07.977 275:CrossE.__init__        INFO   N_TEST_TRIPLES: 20466
2021-03-29 00:24:08.119 278:CrossE.__init__        INFO   N_VALID_TRIPLES: 17535
2021-03-29 00:24:17.062 813:CrossE.main            INFO   Load model from ./save/FB15k-237-swapped/CrossE_DEFAULT_499.ckpt, iteration 500 restored.
2021-03-29 00:24:21.569 705:CrossE.compute_results DEBUG  waiting for worker finishes their work
2021-03-29 00:24:59.239 707:CrossE.compute_results DEBUG  all worker stopped.
2021-03-29 00:24:59.287 735:CrossE.compute_results INFO   [valid] ITER 499 [HEAD PREDICTION] MRR: 0.089 FMRR: 0.201 MR: 698.9 FMR 308.1 H10 0.192 FH10 0.354 H3 0.088 FH3 0.218 H1 0.037 FH1 0.123
2021-03-29 00:24:59.311 746:CrossE.compute_results INFO   [valid] ITER 499 [TAIL PREDICTION] MRR: 0.223 FMRR: 0.363 MR: 190.9 FMR 162.4 H10 0.406 FH10 0.555 H3 0.235 FH3 0.402 H1 0.138 FH1 0.266
2021-03-29 00:24:59.362 764:CrossE.compute_results INFO   [valid] ITER 499 [BOTH PREDICTION] MRR: 0.156 FMRR: 0.282 MR: 444.9 FMR 235.3 H10 0.299 FH10 0.454 H3 0.161 FH3 0.310 H1 0.088 FH1 0.195
2021-03-29 00:24:59.773 694:CrossE.compute_results INFO   Predictions for the testing triples serialized to
 - './save/FB15k-237-swapped/out_data/pickle/test_predicted_heads.pkl' for head predictions
- './save/FB15k-237-swapped/out_data/pickle/test_predicted_tails.pkl' for tail predictions
2021-03-29 00:25:00.332 694:CrossE.compute_results INFO   Predictions for the testing triples serialized to
 - './save/FB15k-237-swapped/out_data/pickle/test_predicted_heads.pkl' for head predictions
- './save/FB15k-237-swapped/out_data/pickle/test_predicted_tails.pkl' for tail predictions
2021-03-29 00:25:00.811 694:CrossE.compute_results INFO   Predictions for the testing triples serialized to
 - './save/FB15k-237-swapped/out_data/pickle/test_predicted_heads.pkl' for head predictions
- './save/FB15k-237-swapped/out_data/pickle/test_predicted_tails.pkl' for tail predictions
2021-03-29 00:25:01.357 694:CrossE.compute_results INFO   Predictions for the testing triples serialized to
 - './save/FB15k-237-swapped/out_data/pickle/test_predicted_heads.pkl' for head predictions
- './save/FB15k-237-swapped/out_data/pickle/test_predicted_tails.pkl' for tail predictions
2021-03-29 00:25:01.935 694:CrossE.compute_results INFO   Predictions for the testing triples serialized to
 - './save/FB15k-237-swapped/out_data/pickle/test_predicted_heads.pkl' for head predictions
- './save/FB15k-237-swapped/out_data/pickle/test_predicted_tails.pkl' for tail predictions
2021-03-29 00:25:02.212 694:CrossE.compute_results INFO   Predictions for the testing triples serialized to
 - './save/FB15k-237-swapped/out_data/pickle/test_predicted_heads.pkl' for head predictions
- './save/FB15k-237-swapped/out_data/pickle/test_predicted_tails.pkl' for tail predictions
2021-03-29 00:25:02.489 694:CrossE.compute_results INFO   Predictions for the testing triples serialized to
 - './save/FB15k-237-swapped/out_data/pickle/test_predicted_heads.pkl' for head predictions
- './save/FB15k-237-swapped/out_data/pickle/test_predicted_tails.pkl' for tail predictions
2021-03-29 00:25:02.772 694:CrossE.compute_results INFO   Predictions for the testing triples serialized to
 - './save/FB15k-237-swapped/out_data/pickle/test_predicted_heads.pkl' for head predictions
- './save/FB15k-237-swapped/out_data/pickle/test_predicted_tails.pkl' for tail predictions
2021-03-29 00:25:03.044 694:CrossE.compute_results INFO   Predictions for the testing triples serialized to
 - './save/FB15k-237-swapped/out_data/pickle/test_predicted_heads.pkl' for head predictions
- './save/FB15k-237-swapped/out_data/pickle/test_predicted_tails.pkl' for tail predictions
2021-03-29 00:25:03.310 694:CrossE.compute_results INFO   Predictions for the testing triples serialized to
 - './save/FB15k-237-swapped/out_data/pickle/test_predicted_heads.pkl' for head predictions
- './save/FB15k-237-swapped/out_data/pickle/test_predicted_tails.pkl' for tail predictions
2021-03-29 00:25:03.577 694:CrossE.compute_results INFO   Predictions for the testing triples serialized to
 - './save/FB15k-237-swapped/out_data/pickle/test_predicted_heads.pkl' for head predictions
- './save/FB15k-237-swapped/out_data/pickle/test_predicted_tails.pkl' for tail predictions
2021-03-29 00:25:03.842 694:CrossE.compute_results INFO   Predictions for the testing triples serialized to
 - './save/FB15k-237-swapped/out_data/pickle/test_predicted_heads.pkl' for head predictions
- './save/FB15k-237-swapped/out_data/pickle/test_predicted_tails.pkl' for tail predictions
2021-03-29 00:25:04.360 694:CrossE.compute_results INFO   Predictions for the testing triples serialized to
 - './save/FB15k-237-swapped/out_data/pickle/test_predicted_heads.pkl' for head predictions
- './save/FB15k-237-swapped/out_data/pickle/test_predicted_tails.pkl' for tail predictions
2021-03-29 00:25:04.580 694:CrossE.compute_results INFO   Predictions for the testing triples serialized to
 - './save/FB15k-237-swapped/out_data/pickle/test_predicted_heads.pkl' for head predictions
- './save/FB15k-237-swapped/out_data/pickle/test_predicted_tails.pkl' for tail predictions
2021-03-29 00:25:05.046 694:CrossE.compute_results INFO   Predictions for the testing triples serialized to
 - './save/FB15k-237-swapped/out_data/pickle/test_predicted_heads.pkl' for head predictions
- './save/FB15k-237-swapped/out_data/pickle/test_predicted_tails.pkl' for tail predictions
2021-03-29 00:25:05.503 694:CrossE.compute_results INFO   Predictions for the testing triples serialized to
 - './save/FB15k-237-swapped/out_data/pickle/test_predicted_heads.pkl' for head predictions
- './save/FB15k-237-swapped/out_data/pickle/test_predicted_tails.pkl' for tail predictions
2021-03-29 00:25:05.729 694:CrossE.compute_results INFO   Predictions for the testing triples serialized to
 - './save/FB15k-237-swapped/out_data/pickle/test_predicted_heads.pkl' for head predictions
- './save/FB15k-237-swapped/out_data/pickle/test_predicted_tails.pkl' for tail predictions
2021-03-29 00:25:05.952 694:CrossE.compute_results INFO   Predictions for the testing triples serialized to
 - './save/FB15k-237-swapped/out_data/pickle/test_predicted_heads.pkl' for head predictions
- './save/FB15k-237-swapped/out_data/pickle/test_predicted_tails.pkl' for tail predictions
2021-03-29 00:25:06.232 694:CrossE.compute_results INFO   Predictions for the testing triples serialized to
 - './save/FB15k-237-swapped/out_data/pickle/test_predicted_heads.pkl' for head predictions
- './save/FB15k-237-swapped/out_data/pickle/test_predicted_tails.pkl' for tail predictions
2021-03-29 00:25:06.489 694:CrossE.compute_results INFO   Predictions for the testing triples serialized to
 - './save/FB15k-237-swapped/out_data/pickle/test_predicted_heads.pkl' for head predictions
- './save/FB15k-237-swapped/out_data/pickle/test_predicted_tails.pkl' for tail predictions
2021-03-29 00:25:06.759 694:CrossE.compute_results INFO   Predictions for the testing triples serialized to
 - './save/FB15k-237-swapped/out_data/pickle/test_predicted_heads.pkl' for head predictions
- './save/FB15k-237-swapped/out_data/pickle/test_predicted_tails.pkl' for tail predictions
2021-03-29 00:25:07.017 694:CrossE.compute_results INFO   Predictions for the testing triples serialized to
 - './save/FB15k-237-swapped/out_data/pickle/test_predicted_heads.pkl' for head predictions
- './save/FB15k-237-swapped/out_data/pickle/test_predicted_tails.pkl' for tail predictions
2021-03-29 00:25:07.276 694:CrossE.compute_results INFO   Predictions for the testing triples serialized to
 - './save/FB15k-237-swapped/out_data/pickle/test_predicted_heads.pkl' for head predictions
- './save/FB15k-237-swapped/out_data/pickle/test_predicted_tails.pkl' for tail predictions
2021-03-29 00:25:07.549 694:CrossE.compute_results INFO   Predictions for the testing triples serialized to
 - './save/FB15k-237-swapped/out_data/pickle/test_predicted_heads.pkl' for head predictions
- './save/FB15k-237-swapped/out_data/pickle/test_predicted_tails.pkl' for tail predictions
2021-03-29 00:25:08.115 694:CrossE.compute_results INFO   Predictions for the testing triples serialized to
 - './save/FB15k-237-swapped/out_data/pickle/test_predicted_heads.pkl' for head predictions
- './save/FB15k-237-swapped/out_data/pickle/test_predicted_tails.pkl' for tail predictions
2021-03-29 00:25:08.400 694:CrossE.compute_results INFO   Predictions for the testing triples serialized to
 - './save/FB15k-237-swapped/out_data/pickle/test_predicted_heads.pkl' for head predictions
- './save/FB15k-237-swapped/out_data/pickle/test_predicted_tails.pkl' for tail predictions
2021-03-29 00:25:08.744 694:CrossE.compute_results INFO   Predictions for the testing triples serialized to
 - './save/FB15k-237-swapped/out_data/pickle/test_predicted_heads.pkl' for head predictions
- './save/FB15k-237-swapped/out_data/pickle/test_predicted_tails.pkl' for tail predictions
2021-03-29 00:25:09.323 694:CrossE.compute_results INFO   Predictions for the testing triples serialized to
 - './save/FB15k-237-swapped/out_data/pickle/test_predicted_heads.pkl' for head predictions
- './save/FB15k-237-swapped/out_data/pickle/test_predicted_tails.pkl' for tail predictions
2021-03-29 00:25:09.814 694:CrossE.compute_results INFO   Predictions for the testing triples serialized to
 - './save/FB15k-237-swapped/out_data/pickle/test_predicted_heads.pkl' for head predictions
- './save/FB15k-237-swapped/out_data/pickle/test_predicted_tails.pkl' for tail predictions
2021-03-29 00:25:10.073 694:CrossE.compute_results INFO   Predictions for the testing triples serialized to
 - './save/FB15k-237-swapped/out_data/pickle/test_predicted_heads.pkl' for head predictions
- './save/FB15k-237-swapped/out_data/pickle/test_predicted_tails.pkl' for tail predictions
2021-03-29 00:25:10.335 694:CrossE.compute_results INFO   Predictions for the testing triples serialized to
 - './save/FB15k-237-swapped/out_data/pickle/test_predicted_heads.pkl' for head predictions
- './save/FB15k-237-swapped/out_data/pickle/test_predicted_tails.pkl' for tail predictions
2021-03-29 00:25:10.623 694:CrossE.compute_results INFO   Predictions for the testing triples serialized to
 - './save/FB15k-237-swapped/out_data/pickle/test_predicted_heads.pkl' for head predictions
- './save/FB15k-237-swapped/out_data/pickle/test_predicted_tails.pkl' for tail predictions
2021-03-29 00:25:10.874 694:CrossE.compute_results INFO   Predictions for the testing triples serialized to
 - './save/FB15k-237-swapped/out_data/pickle/test_predicted_heads.pkl' for head predictions
- './save/FB15k-237-swapped/out_data/pickle/test_predicted_tails.pkl' for tail predictions
2021-03-29 00:25:11.140 694:CrossE.compute_results INFO   Predictions for the testing triples serialized to
 - './save/FB15k-237-swapped/out_data/pickle/test_predicted_heads.pkl' for head predictions
- './save/FB15k-237-swapped/out_data/pickle/test_predicted_tails.pkl' for tail predictions
2021-03-29 00:25:11.660 694:CrossE.compute_results INFO   Predictions for the testing triples serialized to
 - './save/FB15k-237-swapped/out_data/pickle/test_predicted_heads.pkl' for head predictions
- './save/FB15k-237-swapped/out_data/pickle/test_predicted_tails.pkl' for tail predictions
2021-03-29 00:25:11.932 694:CrossE.compute_results INFO   Predictions for the testing triples serialized to
 - './save/FB15k-237-swapped/out_data/pickle/test_predicted_heads.pkl' for head predictions
- './save/FB15k-237-swapped/out_data/pickle/test_predicted_tails.pkl' for tail predictions
2021-03-29 00:25:12.214 694:CrossE.compute_results INFO   Predictions for the testing triples serialized to
 - './save/FB15k-237-swapped/out_data/pickle/test_predicted_heads.pkl' for head predictions
- './save/FB15k-237-swapped/out_data/pickle/test_predicted_tails.pkl' for tail predictions
2021-03-29 00:25:12.513 694:CrossE.compute_results INFO   Predictions for the testing triples serialized to
 - './save/FB15k-237-swapped/out_data/pickle/test_predicted_heads.pkl' for head predictions
- './save/FB15k-237-swapped/out_data/pickle/test_predicted_tails.pkl' for tail predictions
2021-03-29 00:25:13.022 694:CrossE.compute_results INFO   Predictions for the testing triples serialized to
 - './save/FB15k-237-swapped/out_data/pickle/test_predicted_heads.pkl' for head predictions
- './save/FB15k-237-swapped/out_data/pickle/test_predicted_tails.pkl' for tail predictions
2021-03-29 00:25:13.242 694:CrossE.compute_results INFO   Predictions for the testing triples serialized to
 - './save/FB15k-237-swapped/out_data/pickle/test_predicted_heads.pkl' for head predictions
- './save/FB15k-237-swapped/out_data/pickle/test_predicted_tails.pkl' for tail predictions
2021-03-29 00:25:13.469 694:CrossE.compute_results INFO   Predictions for the testing triples serialized to
 - './save/FB15k-237-swapped/out_data/pickle/test_predicted_heads.pkl' for head predictions
- './save/FB15k-237-swapped/out_data/pickle/test_predicted_tails.pkl' for tail predictions
2021-03-29 00:25:13.469 705:CrossE.compute_results DEBUG  waiting for worker finishes their work
2021-03-29 00:25:48.630 707:CrossE.compute_results DEBUG  all worker stopped.
2021-03-29 00:25:48.682 735:CrossE.compute_results INFO   [TEST] ITER 499 [HEAD PREDICTION] MRR: 0.088 FMRR: 0.198 MR: 706.1 FMR 320.2 H10 0.189 FH10 0.350 H3 0.085 FH3 0.214 H1 0.039 FH1 0.121
2021-03-29 00:25:48.710 746:CrossE.compute_results INFO   [TEST] ITER 499 [TAIL PREDICTION] MRR: 0.219 FMRR: 0.357 MR: 207.8 FMR 179.1 H10 0.397 FH10 0.547 H3 0.230 FH3 0.395 H1 0.135 FH1 0.260
2021-03-29 00:25:48.764 764:CrossE.compute_results INFO   [TEST] ITER 499 [BOTH PREDICTION] MRR: 0.153 FMRR: 0.277 MR: 456.9 FMR 249.6 H10 0.293 FH10 0.448 H3 0.157 FH3 0.304 H1 0.087 FH1 0.191
2021-03-29 00:25:48.793 907:CrossE.main            INFO   FINISHED~
2021-03-29 00:26:01.127 938:CrossE.main            INFO   All data stored in ./save/FB15k-237-swapped/out_data/
